This is pdfTeX, Version 3.141592653-2.6-1.40.24 (TeX Live 2022) (preloaded format=pdflatex 2022.4.6)  6 APR 2022 14:19
entering extended mode
 restricted \write18 enabled.
 %&-line parsing enabled.
**220323_DWARF_sample_overview_and_EEM.tex
(./220323_DWARF_sample_overview_and_EEM.tex
LaTeX2e <2021-11-15> patch level 1
L3 programming layer <2022-02-24> (c:/Users/CBG/AppData/Roaming/TinyTeX/texmf-dist/tex/latex/base/article.cls
Document Class: article 2021/10/04 v1.4n Standard LaTeX document class
(c:/Users/CBG/AppData/Roaming/TinyTeX/texmf-dist/tex/latex/base/size10.clo
File: size10.clo 2021/10/04 v1.4n Standard LaTeX file (size option)
)
\c@part=\count185
\c@section=\count186
\c@subsection=\count187
\c@subsubsection=\count188
\c@paragraph=\count189
\c@subparagraph=\count190
\c@figure=\count191
\c@table=\count192
\abovecaptionskip=\skip47
\belowcaptionskip=\skip48
\bibindent=\dimen138
) (c:/Users/CBG/AppData/Roaming/TinyTeX/texmf-dist/tex/latex/amsmath/amsmath.sty
Package: amsmath 2021/10/15 v2.17l AMS math features
\@mathmargin=\skip49
For additional information on amsmath, use the `?' option.
(c:/Users/CBG/AppData/Roaming/TinyTeX/texmf-dist/tex/latex/amsmath/amstext.sty
Package: amstext 2021/08/26 v2.01 AMS text
(c:/Users/CBG/AppData/Roaming/TinyTeX/texmf-dist/tex/latex/amsmath/amsgen.sty
File: amsgen.sty 1999/11/30 v2.0 generic functions
\@emptytoks=\toks16
\ex@=\dimen139
)) (c:/Users/CBG/AppData/Roaming/TinyTeX/texmf-dist/tex/latex/amsmath/amsbsy.sty
Package: amsbsy 1999/11/29 v1.2d Bold Symbols
\pmbraise@=\dimen140
) (c:/Users/CBG/AppData/Roaming/TinyTeX/texmf-dist/tex/latex/amsmath/amsopn.sty
Package: amsopn 2021/08/26 v2.02 operator names
)
\inf@bad=\count193
LaTeX Info: Redefining \frac on input line 234.
\uproot@=\count194
\leftroot@=\count195
LaTeX Info: Redefining \overline on input line 399.
\classnum@=\count196
\DOTSCASE@=\count197
LaTeX Info: Redefining \ldots on input line 496.
LaTeX Info: Redefining \dots on input line 499.
LaTeX Info: Redefining \cdots on input line 620.
\Mathstrutbox@=\box50
\strutbox@=\box51
\big@size=\dimen141
LaTeX Font Info:    Redeclaring font encoding OML on input line 743.
LaTeX Font Info:    Redeclaring font encoding OMS on input line 744.
\macc@depth=\count198
\c@MaxMatrixCols=\count199
\dotsspace@=\muskip16
\c@parentequation=\count266
\dspbrk@lvl=\count267
\tag@help=\toks17
\row@=\count268
\column@=\count269
\maxfields@=\count270
\andhelp@=\toks18
\eqnshift@=\dimen142
\alignsep@=\dimen143
\tagshift@=\dimen144
\tagwidth@=\dimen145
\totwidth@=\dimen146
\lineht@=\dimen147
\@envbody=\toks19
\multlinegap=\skip50
\multlinetaggap=\skip51
\mathdisplay@stack=\toks20
LaTeX Info: Redefining \[ on input line 2938.
LaTeX Info: Redefining \] on input line 2939.
) (c:/Users/CBG/AppData/Roaming/TinyTeX/texmf-dist/tex/latex/amsfonts/amssymb.sty
Package: amssymb 2013/01/14 v3.01 AMS font symbols
(c:/Users/CBG/AppData/Roaming/TinyTeX/texmf-dist/tex/latex/amsfonts/amsfonts.sty
Package: amsfonts 2013/01/14 v3.01 Basic AMSFonts support
\symAMSa=\mathgroup4
\symAMSb=\mathgroup5
LaTeX Font Info:    Redeclaring math symbol \hbar on input line 98.
LaTeX Font Info:    Overwriting math alphabet `\mathfrak' in version `bold'
(Font)                  U/euf/m/n --> U/euf/b/n on input line 106.
)) (c:/Users/CBG/AppData/Roaming/TinyTeX/texmf-dist/tex/latex/lm/lmodern.sty
Package: lmodern 2015/05/01 v1.6.1 Latin Modern Fonts
LaTeX Font Info:    Overwriting symbol font `operators' in version `normal'
(Font)                  OT1/cmr/m/n --> OT1/lmr/m/n on input line 22.
LaTeX Font Info:    Overwriting symbol font `letters' in version `normal'
(Font)                  OML/cmm/m/it --> OML/lmm/m/it on input line 23.
LaTeX Font Info:    Overwriting symbol font `symbols' in version `normal'
(Font)                  OMS/cmsy/m/n --> OMS/lmsy/m/n on input line 24.
LaTeX Font Info:    Overwriting symbol font `largesymbols' in version `normal'
(Font)                  OMX/cmex/m/n --> OMX/lmex/m/n on input line 25.
LaTeX Font Info:    Overwriting symbol font `operators' in version `bold'
(Font)                  OT1/cmr/bx/n --> OT1/lmr/bx/n on input line 26.
LaTeX Font Info:    Overwriting symbol font `letters' in version `bold'
(Font)                  OML/cmm/b/it --> OML/lmm/b/it on input line 27.
LaTeX Font Info:    Overwriting symbol font `symbols' in version `bold'
(Font)                  OMS/cmsy/b/n --> OMS/lmsy/b/n on input line 28.
LaTeX Font Info:    Overwriting symbol font `largesymbols' in version `bold'
(Font)                  OMX/cmex/m/n --> OMX/lmex/m/n on input line 29.
LaTeX Font Info:    Overwriting math alphabet `\mathbf' in version `normal'
(Font)                  OT1/cmr/bx/n --> OT1/lmr/bx/n on input line 31.
LaTeX Font Info:    Overwriting math alphabet `\mathsf' in version `normal'
(Font)                  OT1/cmss/m/n --> OT1/lmss/m/n on input line 32.
LaTeX Font Info:    Overwriting math alphabet `\mathit' in version `normal'
(Font)                  OT1/cmr/m/it --> OT1/lmr/m/it on input line 33.
LaTeX Font Info:    Overwriting math alphabet `\mathtt' in version `normal'
(Font)                  OT1/cmtt/m/n --> OT1/lmtt/m/n on input line 34.
LaTeX Font Info:    Overwriting math alphabet `\mathbf' in version `bold'
(Font)                  OT1/cmr/bx/n --> OT1/lmr/bx/n on input line 35.
LaTeX Font Info:    Overwriting math alphabet `\mathsf' in version `bold'
(Font)                  OT1/cmss/bx/n --> OT1/lmss/bx/n on input line 36.
LaTeX Font Info:    Overwriting math alphabet `\mathit' in version `bold'
(Font)                  OT1/cmr/bx/it --> OT1/lmr/bx/it on input line 37.
LaTeX Font Info:    Overwriting math alphabet `\mathtt' in version `bold'
(Font)                  OT1/cmtt/m/n --> OT1/lmtt/m/n on input line 38.
) (c:/Users/CBG/AppData/Roaming/TinyTeX/texmf-dist/tex/generic/iftex/ifxetex.sty
Package: ifxetex 2019/10/25 v0.7 ifxetex legacy package. Use iftex instead.
(c:/Users/CBG/AppData/Roaming/TinyTeX/texmf-dist/tex/generic/iftex/iftex.sty
Package: iftex 2022/02/03 v1.0f TeX engine tests
)) (c:/Users/CBG/AppData/Roaming/TinyTeX/texmf-dist/tex/generic/iftex/ifluatex.sty
Package: ifluatex 2019/10/25 v1.5 ifluatex legacy package. Use iftex instead.
) (c:/Users/CBG/AppData/Roaming/TinyTeX/texmf-dist/tex/latex/base/fontenc.sty
Package: fontenc 2021/04/29 v2.0v Standard LaTeX package
LaTeX Font Info:    Trying to load font information for T1+lmr on input line 112.
(c:/Users/CBG/AppData/Roaming/TinyTeX/texmf-dist/tex/latex/lm/t1lmr.fd
File: t1lmr.fd 2015/05/01 v1.6.1 Font defs for Latin Modern
)) (c:/Users/CBG/AppData/Roaming/TinyTeX/texmf-dist/tex/latex/base/inputenc.sty
Package: inputenc 2021/02/14 v1.3d Input encoding file
\inpenc@prehook=\toks21
\inpenc@posthook=\toks22
) (c:/Users/CBG/AppData/Roaming/TinyTeX/texmf-dist/tex/latex/base/textcomp.sty
Package: textcomp 2020/02/02 v2.0n Standard LaTeX package
) (c:/Users/CBG/AppData/Roaming/TinyTeX/texmf-dist/tex/latex/xcolor/xcolor.sty
Package: xcolor 2021/10/31 v2.13 LaTeX color extensions (UK)
(c:/Users/CBG/AppData/Roaming/TinyTeX/texmf-dist/tex/latex/graphics-cfg/color.cfg
File: color.cfg 2016/01/02 v1.6 sample color configuration
)
Package xcolor Info: Driver file: pdftex.def on input line 227.
(c:/Users/CBG/AppData/Roaming/TinyTeX/texmf-dist/tex/latex/graphics-def/pdftex.def
File: pdftex.def 2020/10/05 v1.2a Graphics/color driver for pdftex
)
Package xcolor Info: Model `cmy' substituted by `cmy0' on input line 1352.
Package xcolor Info: Model `hsb' substituted by `rgb' on input line 1356.
Package xcolor Info: Model `RGB' extended on input line 1368.
Package xcolor Info: Model `HTML' substituted by `rgb' on input line 1370.
Package xcolor Info: Model `Hsb' substituted by `hsb' on input line 1371.
Package xcolor Info: Model `tHsb' substituted by `hsb' on input line 1372.
Package xcolor Info: Model `HSB' substituted by `hsb' on input line 1373.
Package xcolor Info: Model `Gray' substituted by `gray' on input line 1374.
Package xcolor Info: Model `wave' substituted by `hsb' on input line 1375.
) (c:/Users/CBG/AppData/Roaming/TinyTeX/texmf-dist/tex/latex/hyperref/hyperref.sty
Package: hyperref 2022-02-21 v7.00n Hypertext links for LaTeX
(c:/Users/CBG/AppData/Roaming/TinyTeX/texmf-dist/tex/generic/ltxcmds/ltxcmds.sty
Package: ltxcmds 2020-05-10 v1.25 LaTeX kernel commands for general use (HO)
) (c:/Users/CBG/AppData/Roaming/TinyTeX/texmf-dist/tex/generic/pdftexcmds/pdftexcmds.sty
Package: pdftexcmds 2020-06-27 v0.33 Utility functions of pdfTeX for LuaTeX (HO)
(c:/Users/CBG/AppData/Roaming/TinyTeX/texmf-dist/tex/generic/infwarerr/infwarerr.sty
Package: infwarerr 2019/12/03 v1.5 Providing info/warning/error messages (HO)
)
Package pdftexcmds Info: \pdf@primitive is available.
Package pdftexcmds Info: \pdf@ifprimitive is available.
Package pdftexcmds Info: \pdfdraftmode found.
) (c:/Users/CBG/AppData/Roaming/TinyTeX/texmf-dist/tex/latex/graphics/keyval.sty
Package: keyval 2014/10/28 v1.15 key=value parser (DPC)
\KV@toks@=\toks23
) (c:/Users/CBG/AppData/Roaming/TinyTeX/texmf-dist/tex/generic/kvsetkeys/kvsetkeys.sty
Package: kvsetkeys 2019/12/15 v1.18 Key value parser (HO)
) (c:/Users/CBG/AppData/Roaming/TinyTeX/texmf-dist/tex/generic/kvdefinekeys/kvdefinekeys.sty
Package: kvdefinekeys 2019-12-19 v1.6 Define keys (HO)
) (c:/Users/CBG/AppData/Roaming/TinyTeX/texmf-dist/tex/generic/pdfescape/pdfescape.sty
Package: pdfescape 2019/12/09 v1.15 Implements pdfTeX's escape features (HO)
) (c:/Users/CBG/AppData/Roaming/TinyTeX/texmf-dist/tex/latex/hycolor/hycolor.sty
Package: hycolor 2020-01-27 v1.10 Color options for hyperref/bookmark (HO)
) (c:/Users/CBG/AppData/Roaming/TinyTeX/texmf-dist/tex/latex/letltxmacro/letltxmacro.sty
Package: letltxmacro 2019/12/03 v1.6 Let assignment for LaTeX macros (HO)
) (c:/Users/CBG/AppData/Roaming/TinyTeX/texmf-dist/tex/latex/auxhook/auxhook.sty
Package: auxhook 2019-12-17 v1.6 Hooks for auxiliary files (HO)
) (c:/Users/CBG/AppData/Roaming/TinyTeX/texmf-dist/tex/latex/kvoptions/kvoptions.sty
Package: kvoptions 2020-10-07 v3.14 Key value format for package options (HO)
)
\@linkdim=\dimen148
\Hy@linkcounter=\count271
\Hy@pagecounter=\count272
(c:/Users/CBG/AppData/Roaming/TinyTeX/texmf-dist/tex/latex/hyperref/pd1enc.def
File: pd1enc.def 2022-02-21 v7.00n Hyperref: PDFDocEncoding definition (HO)
Now handling font encoding PD1 ...
... no UTF-8 mapping file for font encoding PD1
) (c:/Users/CBG/AppData/Roaming/TinyTeX/texmf-dist/tex/generic/intcalc/intcalc.sty
Package: intcalc 2019/12/15 v1.3 Expandable calculations with integers (HO)
) (c:/Users/CBG/AppData/Roaming/TinyTeX/texmf-dist/tex/generic/etexcmds/etexcmds.sty
Package: etexcmds 2019/12/15 v1.7 Avoid name clashes with e-TeX commands (HO)
)
\Hy@SavedSpaceFactor=\count273
(c:/Users/CBG/AppData/Roaming/TinyTeX/texmf-dist/tex/latex/hyperref/puenc.def
File: puenc.def 2022-02-21 v7.00n Hyperref: PDF Unicode definition (HO)
Now handling font encoding PU ...
... no UTF-8 mapping file for font encoding PU
)
Package hyperref Info: Option `unicode' set `true' on input line 4018.
Package hyperref Info: Hyper figures OFF on input line 4137.
Package hyperref Info: Link nesting OFF on input line 4142.
Package hyperref Info: Hyper index ON on input line 4145.
Package hyperref Info: Plain pages OFF on input line 4152.
Package hyperref Info: Backreferencing OFF on input line 4157.
Package hyperref Info: Implicit mode ON; LaTeX internals redefined.
Package hyperref Info: Bookmarks ON on input line 4390.
\c@Hy@tempcnt=\count274
(c:/Users/CBG/AppData/Roaming/TinyTeX/texmf-dist/tex/latex/url/url.sty
\Urlmuskip=\muskip17
Package: url 2013/09/16  ver 3.4  Verb mode for urls, etc.
)
LaTeX Info: Redefining \url on input line 4749.
\XeTeXLinkMargin=\dimen149
(c:/Users/CBG/AppData/Roaming/TinyTeX/texmf-dist/tex/generic/bitset/bitset.sty
Package: bitset 2019/12/09 v1.3 Handle bit-vector datatype (HO)
(c:/Users/CBG/AppData/Roaming/TinyTeX/texmf-dist/tex/generic/bigintcalc/bigintcalc.sty
Package: bigintcalc 2019/12/15 v1.5 Expandable calculations on big integers (HO)
))
\Fld@menulength=\count275
\Field@Width=\dimen150
\Fld@charsize=\dimen151
Package hyperref Info: Hyper figures OFF on input line 6027.
Package hyperref Info: Link nesting OFF on input line 6032.
Package hyperref Info: Hyper index ON on input line 6035.
Package hyperref Info: backreferencing OFF on input line 6042.
Package hyperref Info: Link coloring OFF on input line 6047.
Package hyperref Info: Link coloring with OCG OFF on input line 6052.
Package hyperref Info: PDF/A mode OFF on input line 6057.
LaTeX Info: Redefining \ref on input line 6097.
LaTeX Info: Redefining \pageref on input line 6101.
(c:/Users/CBG/AppData/Roaming/TinyTeX/texmf-dist/tex/latex/base/atbegshi-ltx.sty
Package: atbegshi-ltx 2021/01/10 v1.0c Emulation of the original atbegshi
package with kernel methods
)
\Hy@abspage=\count276
\c@Item=\count277
\c@Hfootnote=\count278
)
Package hyperref Info: Driver (autodetected): hpdftex.
(c:/Users/CBG/AppData/Roaming/TinyTeX/texmf-dist/tex/latex/hyperref/hpdftex.def
File: hpdftex.def 2022-02-21 v7.00n Hyperref driver for pdfTeX
(c:/Users/CBG/AppData/Roaming/TinyTeX/texmf-dist/tex/latex/base/atveryend-ltx.sty
Package: atveryend-ltx 2020/08/19 v1.0a Emulation of the original atveryend package
with kernel methods
)
\Fld@listcount=\count279
\c@bookmark@seq@number=\count280
(c:/Users/CBG/AppData/Roaming/TinyTeX/texmf-dist/tex/latex/rerunfilecheck/rerunfilecheck.sty
Package: rerunfilecheck 2019/12/05 v1.9 Rerun checks for auxiliary files (HO)
(c:/Users/CBG/AppData/Roaming/TinyTeX/texmf-dist/tex/generic/uniquecounter/uniquecounter.sty
Package: uniquecounter 2019/12/15 v1.4 Provide unlimited unique counter (HO)
)
Package uniquecounter Info: New unique counter `rerunfilecheck' on input line 286.
)
\Hy@SectionHShift=\skip52
) (c:/Users/CBG/AppData/Roaming/TinyTeX/texmf-dist/tex/latex/geometry/geometry.sty
Package: geometry 2020/01/02 v5.9 Page Geometry
(c:/Users/CBG/AppData/Roaming/TinyTeX/texmf-dist/tex/generic/iftex/ifvtex.sty
Package: ifvtex 2019/10/25 v1.7 ifvtex legacy package. Use iftex instead.
)
\Gm@cnth=\count281
\Gm@cntv=\count282
\c@Gm@tempcnt=\count283
\Gm@bindingoffset=\dimen152
\Gm@wd@mp=\dimen153
\Gm@odd@mp=\dimen154
\Gm@even@mp=\dimen155
\Gm@layoutwidth=\dimen156
\Gm@layoutheight=\dimen157
\Gm@layouthoffset=\dimen158
\Gm@layoutvoffset=\dimen159
\Gm@dimlist=\toks24
) (c:/Users/CBG/AppData/Roaming/TinyTeX/texmf-dist/tex/latex/tools/longtable.sty
Package: longtable 2021-09-01 v4.17 Multi-page Table package (DPC)
\LTleft=\skip53
\LTright=\skip54
\LTpre=\skip55
\LTpost=\skip56
\LTchunksize=\count284
\LTcapwidth=\dimen160
\LT@head=\box52
\LT@firsthead=\box53
\LT@foot=\box54
\LT@lastfoot=\box55
\LT@gbox=\box56
\LT@cols=\count285
\LT@rows=\count286
\c@LT@tables=\count287
\c@LT@chunks=\count288
\LT@p@ftn=\toks25
) (c:/Users/CBG/AppData/Roaming/TinyTeX/texmf-dist/tex/latex/booktabs/booktabs.sty
Package: booktabs 2020/01/12 v1.61803398 Publication quality tables
\heavyrulewidth=\dimen161
\lightrulewidth=\dimen162
\cmidrulewidth=\dimen163
\belowrulesep=\dimen164
\belowbottomsep=\dimen165
\aboverulesep=\dimen166
\abovetopsep=\dimen167
\cmidrulesep=\dimen168
\cmidrulekern=\dimen169
\defaultaddspace=\dimen170
\@cmidla=\count289
\@cmidlb=\count290
\@aboverulesep=\dimen171
\@belowrulesep=\dimen172
\@thisruleclass=\count291
\@lastruleclass=\count292
\@thisrulewidth=\dimen173
) (c:/Users/CBG/AppData/Roaming/TinyTeX/texmf-dist/tex/latex/tools/array.sty
Package: array 2021/10/04 v2.5f Tabular extension package (FMi)
\col@sep=\dimen174
\ar@mcellbox=\box57
\extrarowheight=\dimen175
\NC@list=\toks26
\extratabsurround=\skip57
\backup@length=\skip58
\ar@cellbox=\box58
) (c:/Users/CBG/AppData/Roaming/TinyTeX/texmf-dist/tex/latex/tools/calc.sty
Package: calc 2017/05/25 v4.3 Infix arithmetic (KKT,FJ)
\calc@Acount=\count293
\calc@Bcount=\count294
\calc@Adimen=\dimen176
\calc@Bdimen=\dimen177
\calc@Askip=\skip59
\calc@Bskip=\skip60
LaTeX Info: Redefining \setlength on input line 80.
LaTeX Info: Redefining \addtolength on input line 81.
\calc@Ccount=\count295
\calc@Cskip=\skip61
) (c:/Users/CBG/AppData/Roaming/TinyTeX/texmf-dist/tex/latex/etoolbox/etoolbox.sty
Package: etoolbox 2020/10/05 v2.5k e-TeX tools for LaTeX (JAW)
\etb@tempcnta=\count296
) (c:/Users/CBG/AppData/Roaming/TinyTeX/texmf-dist/tex/latex/mdwtools/footnote.sty
Package: footnote 1997/01/28 1.13 Save footnotes around boxes
\fn@notes=\box59
\fn@width=\dimen178
) (c:/Users/CBG/AppData/Roaming/TinyTeX/texmf-dist/tex/latex/graphics/graphicx.sty
Package: graphicx 2021/09/16 v1.2d Enhanced LaTeX Graphics (DPC,SPQR)
(c:/Users/CBG/AppData/Roaming/TinyTeX/texmf-dist/tex/latex/graphics/graphics.sty
Package: graphics 2021/03/04 v1.4d Standard LaTeX Graphics (DPC,SPQR)
(c:/Users/CBG/AppData/Roaming/TinyTeX/texmf-dist/tex/latex/graphics/trig.sty
Package: trig 2021/08/11 v1.11 sin cos tan (DPC)
) (c:/Users/CBG/AppData/Roaming/TinyTeX/texmf-dist/tex/latex/graphics-cfg/graphics.cfg
File: graphics.cfg 2016/06/04 v1.11 sample graphics configuration
)
Package graphics Info: Driver file: pdftex.def on input line 107.
)
\Gin@req@height=\dimen179
\Gin@req@width=\dimen180
) (c:/Users/CBG/AppData/Roaming/TinyTeX/texmf-dist/tex/latex/l3backend/l3backend-pdftex.def
File: l3backend-pdftex.def 2022-02-07 L3 backend support: PDF output (pdfTeX)
\l__color_backend_stack_int=\count297
\l__pdf_internal_box=\box60
)
No file 220323_DWARF_sample_overview_and_EEM.aux.
\openout1 = `220323_DWARF_sample_overview_and_EEM.aux'.

LaTeX Font Info:    Checking defaults for OML/cmm/m/it on input line 80.
LaTeX Font Info:    ... okay on input line 80.
LaTeX Font Info:    Checking defaults for OMS/cmsy/m/n on input line 80.
LaTeX Font Info:    ... okay on input line 80.
LaTeX Font Info:    Checking defaults for OT1/cmr/m/n on input line 80.
LaTeX Font Info:    ... okay on input line 80.
LaTeX Font Info:    Checking defaults for T1/cmr/m/n on input line 80.
LaTeX Font Info:    ... okay on input line 80.
LaTeX Font Info:    Checking defaults for TS1/cmr/m/n on input line 80.
LaTeX Font Info:    ... okay on input line 80.
LaTeX Font Info:    Checking defaults for OMX/cmex/m/n on input line 80.
LaTeX Font Info:    ... okay on input line 80.
LaTeX Font Info:    Checking defaults for U/cmr/m/n on input line 80.
LaTeX Font Info:    ... okay on input line 80.
LaTeX Font Info:    Checking defaults for PD1/pdf/m/n on input line 80.
LaTeX Font Info:    ... okay on input line 80.
LaTeX Font Info:    Checking defaults for PU/pdf/m/n on input line 80.
LaTeX Font Info:    ... okay on input line 80.
(c:/Users/CBG/AppData/Roaming/TinyTeX/texmf-dist/tex/latex/epstopdf-pkg/epstopdf-base.sty
Package: epstopdf-base 2020-01-24 v2.11 Base part for package epstopdf
Package epstopdf-base Info: Redefining graphics rule for `.eps' on input line 485.
(c:/Users/CBG/AppData/Roaming/TinyTeX/texmf-dist/tex/latex/latexconfig/epstopdf-sys.cfg
File: epstopdf-sys.cfg 2010/07/13 v1.3 Configuration of (r)epstopdf for TeX Live
))
Package hyperref Info: Link coloring OFF on input line 80.
(c:/Users/CBG/AppData/Roaming/TinyTeX/texmf-dist/tex/latex/hyperref/nameref.sty
Package: nameref 2021-04-02 v2.47 Cross-referencing by name of section
(c:/Users/CBG/AppData/Roaming/TinyTeX/texmf-dist/tex/latex/refcount/refcount.sty
Package: refcount 2019/12/15 v3.6 Data extraction from label references (HO)
) (c:/Users/CBG/AppData/Roaming/TinyTeX/texmf-dist/tex/generic/gettitlestring/gettitlestring.sty
Package: gettitlestring 2019/12/15 v1.6 Cleanup title references (HO)
)
\c@section@level=\count298
)
LaTeX Info: Redefining \ref on input line 80.
LaTeX Info: Redefining \pageref on input line 80.
LaTeX Info: Redefining \nameref on input line 80.
\@outlinefile=\write3
\openout3 = `220323_DWARF_sample_overview_and_EEM.out'.

*geometry* driver: auto-detecting
*geometry* detected driver: pdftex
*geometry* verbose mode - [ preamble ] result:
* driver: pdftex
* paper: <default>
* layout: <same size as paper>
* layoutoffset:(h,v)=(0.0pt,0.0pt)
* modes: 
* h-part:(L,W,R)=(72.26999pt, 469.75502pt, 72.26999pt)
* v-part:(T,H,B)=(72.26999pt, 650.43001pt, 72.26999pt)
* \paperwidth=614.295pt
* \paperheight=794.96999pt
* \textwidth=469.75502pt
* \textheight=650.43001pt
* \oddsidemargin=0.0pt
* \evensidemargin=0.0pt
* \topmargin=-37.0pt
* \headheight=12.0pt
* \headsep=25.0pt
* \topskip=10.0pt
* \footskip=30.0pt
* \marginparwidth=65.0pt
* \marginparsep=11.0pt
* \columnsep=10.0pt
* \skip\footins=9.0pt plus 4.0pt minus 2.0pt
* \hoffset=0.0pt
* \voffset=0.0pt
* \mag=1000
* \@twocolumnfalse
* \@twosidefalse
* \@mparswitchfalse
* \@reversemarginfalse
* (1in=72.27pt=25.4mm, 1cm=28.453pt)

LaTeX Font Info:    Trying to load font information for OT1+lmr on input line 82.
(c:/Users/CBG/AppData/Roaming/TinyTeX/texmf-dist/tex/latex/lm/ot1lmr.fd
File: ot1lmr.fd 2015/05/01 v1.6.1 Font defs for Latin Modern
)
LaTeX Font Info:    Trying to load font information for OML+lmm on input line 82.
(c:/Users/CBG/AppData/Roaming/TinyTeX/texmf-dist/tex/latex/lm/omllmm.fd
File: omllmm.fd 2015/05/01 v1.6.1 Font defs for Latin Modern
)
LaTeX Font Info:    Trying to load font information for OMS+lmsy on input line 82.
(c:/Users/CBG/AppData/Roaming/TinyTeX/texmf-dist/tex/latex/lm/omslmsy.fd
File: omslmsy.fd 2015/05/01 v1.6.1 Font defs for Latin Modern
)
LaTeX Font Info:    Trying to load font information for OMX+lmex on input line 82.
(c:/Users/CBG/AppData/Roaming/TinyTeX/texmf-dist/tex/latex/lm/omxlmex.fd
File: omxlmex.fd 2015/05/01 v1.6.1 Font defs for Latin Modern
)
LaTeX Font Info:    External font `lmex10' loaded for size
(Font)              <12> on input line 82.
LaTeX Font Info:    External font `lmex10' loaded for size
(Font)              <8> on input line 82.
LaTeX Font Info:    External font `lmex10' loaded for size
(Font)              <6> on input line 82.
LaTeX Font Info:    Trying to load font information for U+msa on input line 82.
(c:/Users/CBG/AppData/Roaming/TinyTeX/texmf-dist/tex/latex/amsfonts/umsa.fd
File: umsa.fd 2013/01/14 v3.01 AMS symbols A
)
LaTeX Font Info:    Trying to load font information for U+msb on input line 82.
(c:/Users/CBG/AppData/Roaming/TinyTeX/texmf-dist/tex/latex/amsfonts/umsb.fd
File: umsb.fd 2013/01/14 v3.01 AMS symbols B
)
LaTeX Font Info:    Trying to load font information for TS1+lmr on input line 89.
(c:/Users/CBG/AppData/Roaming/TinyTeX/texmf-dist/tex/latex/lm/ts1lmr.fd
File: ts1lmr.fd 2015/05/01 v1.6.1 Font defs for Latin Modern
)
LaTeX Font Info:    External font `lmex10' loaded for size
(Font)              <10> on input line 94.
LaTeX Font Info:    External font `lmex10' loaded for size
(Font)              <7> on input line 94.
LaTeX Font Info:    External font `lmex10' loaded for size
(Font)              <5> on input line 94.

Underfull \hbox (badness 10000) in paragraph at lines 93--96
[]\T1/lmr/m/n/10 procedure fol-low-ing: []$https : / / cran . r -[] project . org / web / packages / staRdom / vignettes / PARAFAC _
 []

LaTeX Font Info:    Trying to load font information for T1+lmtt on input line 112.
(c:/Users/CBG/AppData/Roaming/TinyTeX/texmf-dist/tex/latex/lm/t1lmtt.fd
File: t1lmtt.fd 2015/05/01 v1.6.1 Font defs for Latin Modern
)
<220323_DWARF_sample_overview_and_EEM_files/figure-latex/Sample summary-1.pdf, id=6, 469.755pt x 325.215pt>
File: 220323_DWARF_sample_overview_and_EEM_files/figure-latex/Sample summary-1.pdf Graphic file (type pdf)
<use 220323_DWARF_sample_overview_and_EEM_files/figure-latex/Sample summary-1.pdf>
Package pdftex.def Info: 220323_DWARF_sample_overview_and_EEM_files/figure-latex/Sample summary-1.pdf  used on input line 154.
(pdftex.def)             Requested size: 469.75386pt x 325.2142pt.
[1

{c:/Users/CBG/AppData/Roaming/TinyTeX/texmf-var/fonts/map/pdftex/updmap/pdftex.map}]
<220323_DWARF_sample_overview_and_EEM_files/figure-latex/Sample summary-2.pdf, id=25, 469.755pt x 325.215pt>
File: 220323_DWARF_sample_overview_and_EEM_files/figure-latex/Sample summary-2.pdf Graphic file (type pdf)
<use 220323_DWARF_sample_overview_and_EEM_files/figure-latex/Sample summary-2.pdf>
Package pdftex.def Info: 220323_DWARF_sample_overview_and_EEM_files/figure-latex/Sample summary-2.pdf  used on input line 161.
(pdftex.def)             Requested size: 469.75386pt x 325.2142pt.
[2 <./220323_DWARF_sample_overview_and_EEM_files/figure-latex/Sample summary-1.pdf>]
<220323_DWARF_sample_overview_and_EEM_files/figure-latex/Sample summary-3.pdf, id=45, 469.755pt x 325.215pt>
File: 220323_DWARF_sample_overview_and_EEM_files/figure-latex/Sample summary-3.pdf Graphic file (type pdf)
<use 220323_DWARF_sample_overview_and_EEM_files/figure-latex/Sample summary-3.pdf>
Package pdftex.def Info: 220323_DWARF_sample_overview_and_EEM_files/figure-latex/Sample summary-3.pdf  used on input line 168.
(pdftex.def)             Requested size: 469.75386pt x 325.2142pt.
[3 <./220323_DWARF_sample_overview_and_EEM_files/figure-latex/Sample summary-2.pdf>]
<220323_DWARF_sample_overview_and_EEM_files/figure-latex/Sample summary-4.pdf, id=65, 469.755pt x 325.215pt>
File: 220323_DWARF_sample_overview_and_EEM_files/figure-latex/Sample summary-4.pdf Graphic file (type pdf)
<use 220323_DWARF_sample_overview_and_EEM_files/figure-latex/Sample summary-4.pdf>
Package pdftex.def Info: 220323_DWARF_sample_overview_and_EEM_files/figure-latex/Sample summary-4.pdf  used on input line 175.
(pdftex.def)             Requested size: 469.75386pt x 325.2142pt.
[4 <./220323_DWARF_sample_overview_and_EEM_files/figure-latex/Sample summary-3.pdf>]
<220323_DWARF_sample_overview_and_EEM_files/figure-latex/Sample summary-5.pdf, id=85, 469.755pt x 325.215pt>
File: 220323_DWARF_sample_overview_and_EEM_files/figure-latex/Sample summary-5.pdf Graphic file (type pdf)
<use 220323_DWARF_sample_overview_and_EEM_files/figure-latex/Sample summary-5.pdf>
Package pdftex.def Info: 220323_DWARF_sample_overview_and_EEM_files/figure-latex/Sample summary-5.pdf  used on input line 182.
(pdftex.def)             Requested size: 469.75386pt x 325.2142pt.
[5 <./220323_DWARF_sample_overview_and_EEM_files/figure-latex/Sample summary-4.pdf>]
<220323_DWARF_sample_overview_and_EEM_files/figure-latex/Sample summary-6.pdf, id=105, 469.755pt x 325.215pt>
File: 220323_DWARF_sample_overview_and_EEM_files/figure-latex/Sample summary-6.pdf Graphic file (type pdf)
<use 220323_DWARF_sample_overview_and_EEM_files/figure-latex/Sample summary-6.pdf>
Package pdftex.def Info: 220323_DWARF_sample_overview_and_EEM_files/figure-latex/Sample summary-6.pdf  used on input line 189.
(pdftex.def)             Requested size: 469.75386pt x 325.2142pt.
[6 <./220323_DWARF_sample_overview_and_EEM_files/figure-latex/Sample summary-5.pdf>]
<220323_DWARF_sample_overview_and_EEM_files/figure-latex/Sample summary-7.pdf, id=125, 469.755pt x 325.215pt>
File: 220323_DWARF_sample_overview_and_EEM_files/figure-latex/Sample summary-7.pdf Graphic file (type pdf)
<use 220323_DWARF_sample_overview_and_EEM_files/figure-latex/Sample summary-7.pdf>
Package pdftex.def Info: 220323_DWARF_sample_overview_and_EEM_files/figure-latex/Sample summary-7.pdf  used on input line 196.
(pdftex.def)             Requested size: 469.75386pt x 325.2142pt.
[7 <./220323_DWARF_sample_overview_and_EEM_files/figure-latex/Sample summary-6.pdf>]
<220323_DWARF_sample_overview_and_EEM_files/figure-latex/Sample summary-8.pdf, id=146, 469.755pt x 325.215pt>
File: 220323_DWARF_sample_overview_and_EEM_files/figure-latex/Sample summary-8.pdf Graphic file (type pdf)
<use 220323_DWARF_sample_overview_and_EEM_files/figure-latex/Sample summary-8.pdf>
Package pdftex.def Info: 220323_DWARF_sample_overview_and_EEM_files/figure-latex/Sample summary-8.pdf  used on input line 203.
(pdftex.def)             Requested size: 469.75386pt x 325.2142pt.
[8 <./220323_DWARF_sample_overview_and_EEM_files/figure-latex/Sample summary-7.pdf>] [9 <./220323_DWARF_sample_overview_and_EEM_files/figure-latex/Sample summary-8.pdf>] [10] [11]
Overfull \hbox (11.46436pt too wide) in paragraph at lines 359--359
 []|\T1/lmr/m/n/10 ex_min|
 []


Overfull \hbox (13.40909pt too wide) in paragraph at lines 359--359
 []|\T1/lmr/m/n/10 ex_max|
 []


Overfull \hbox (14.51936pt too wide) in paragraph at lines 359--359
 []|\T1/lmr/m/n/10 em_min|
 []


Overfull \hbox (16.4641pt too wide) in paragraph at lines 359--359
 []|\T1/lmr/m/n/10 em_max|
 []


Overfull \hbox (22.40718pt too wide) in paragraph at lines 359--359
[]|\T1/lmr/m/n/10 is_blank_corrected|  
 []


Overfull \hbox (24.03313pt too wide) in paragraph at lines 360--360
[]|\T1/lmr/m/n/10 is_scatter_corrected|  
 []


Overfull \hbox (15.9949pt too wide) in paragraph at lines 360--360
[]|\T1/lmr/m/n/10 is_ife_corrected|  
 []


Overfull \hbox (33.79492pt too wide) in paragraph at lines 360--361
[]|\T1/lmr/m/n/10 is_raman_normalized|  
 []


Overfull \hbox (6.6414pt too wide) in paragraph at lines 363--363
[]|\T1/lmr/m/n/10 v2021132|  
 []


Overfull \hbox (6.6414pt too wide) in paragraph at lines 364--364
[]|\T1/lmr/m/n/10 v2021133|  
 []


Overfull \hbox (6.6414pt too wide) in paragraph at lines 365--365
[]|\T1/lmr/m/n/10 v2021134|  
 []


Overfull \hbox (11.6414pt too wide) in paragraph at lines 366--366
[]|\T1/lmr/m/n/10 v20213370|  
 []


Overfull \hbox (11.6414pt too wide) in paragraph at lines 367--367
[]|\T1/lmr/m/n/10 v20211248|  
 []


Overfull \hbox (11.6414pt too wide) in paragraph at lines 368--368
[]|\T1/lmr/m/n/10 v20211249|  
 []


Overfull \hbox (11.6414pt too wide) in paragraph at lines 369--369
[]|\T1/lmr/m/n/10 v20211250|  
 []


Overfull \hbox (11.6414pt too wide) in paragraph at lines 370--370
[]|\T1/lmr/m/n/10 v20211251|  
 []


Overfull \hbox (11.6414pt too wide) in paragraph at lines 371--371
[]|\T1/lmr/m/n/10 v20211252|  
 []


Overfull \hbox (11.6414pt too wide) in paragraph at lines 372--372
[]|\T1/lmr/m/n/10 v20211253|  
 []


Overfull \hbox (11.6414pt too wide) in paragraph at lines 373--373
[]|\T1/lmr/m/n/10 v20211254|  
 []


Overfull \hbox (11.6414pt too wide) in paragraph at lines 374--374
[]|\T1/lmr/m/n/10 v20211310|  
 []


Overfull \hbox (11.6414pt too wide) in paragraph at lines 375--375
[]|\T1/lmr/m/n/10 v20211311|  
 []


Overfull \hbox (11.6414pt too wide) in paragraph at lines 376--376
[]|\T1/lmr/m/n/10 v20211312|  
 []


Overfull \hbox (11.6414pt too wide) in paragraph at lines 377--377
[]|\T1/lmr/m/n/10 v20211313|  
 []


Overfull \hbox (11.6414pt too wide) in paragraph at lines 378--378
[]|\T1/lmr/m/n/10 v20211314|  
 []


Overfull \hbox (11.6414pt too wide) in paragraph at lines 379--379
[]|\T1/lmr/m/n/10 v20211315|  
 []


Overfull \hbox (11.6414pt too wide) in paragraph at lines 380--380
[]|\T1/lmr/m/n/10 v20211316|  
 []


Overfull \hbox (11.6414pt too wide) in paragraph at lines 381--381
[]|\T1/lmr/m/n/10 v20211317|  
 []


Overfull \hbox (11.6414pt too wide) in paragraph at lines 382--382
[]|\T1/lmr/m/n/10 v20211318|  
 []


Overfull \hbox (11.6414pt too wide) in paragraph at lines 383--383
[]|\T1/lmr/m/n/10 v20211319|  
 []


Overfull \hbox (11.6414pt too wide) in paragraph at lines 384--384
[]|\T1/lmr/m/n/10 v20211320|  
 []


Overfull \hbox (11.6414pt too wide) in paragraph at lines 385--385
[]|\T1/lmr/m/n/10 v20211321|  
 []


Overfull \hbox (11.6414pt too wide) in paragraph at lines 386--386
[]|\T1/lmr/m/n/10 v20211322|  
 []


Overfull \hbox (11.6414pt too wide) in paragraph at lines 387--387
[]|\T1/lmr/m/n/10 v20211323|  
 []


Overfull \hbox (11.6414pt too wide) in paragraph at lines 388--388
[]|\T1/lmr/m/n/10 v20211948|  
 []


Overfull \hbox (11.6414pt too wide) in paragraph at lines 389--389
[]|\T1/lmr/m/n/10 v20211949|  
 []


Overfull \hbox (11.6414pt too wide) in paragraph at lines 390--390
[]|\T1/lmr/m/n/10 v20211950|  
 []


Overfull \hbox (11.6414pt too wide) in paragraph at lines 391--391
[]|\T1/lmr/m/n/10 v20211951|  
 []


Overfull \hbox (11.6414pt too wide) in paragraph at lines 392--392
[]|\T1/lmr/m/n/10 v20211952|  
 []


Overfull \hbox (11.6414pt too wide) in paragraph at lines 393--393
[]|\T1/lmr/m/n/10 v20211953|  
 []


Overfull \hbox (11.6414pt too wide) in paragraph at lines 394--394
[]|\T1/lmr/m/n/10 v20211954|  
 []


Overfull \hbox (11.6414pt too wide) in paragraph at lines 395--395
[]|\T1/lmr/m/n/10 v20211962|  
 []


Overfull \hbox (11.6414pt too wide) in paragraph at lines 396--396
[]|\T1/lmr/m/n/10 v20211963|  
 []


Overfull \hbox (11.6414pt too wide) in paragraph at lines 397--397
[]|\T1/lmr/m/n/10 v20211964|  
 []


Overfull \hbox (11.6414pt too wide) in paragraph at lines 398--398
[]|\T1/lmr/m/n/10 v20211965|  
 []


Overfull \hbox (11.6414pt too wide) in paragraph at lines 399--399
[]|\T1/lmr/m/n/10 v20211966|  
 []


Overfull \hbox (11.6414pt too wide) in paragraph at lines 400--400
[]|\T1/lmr/m/n/10 v20211967|  
 []


Overfull \hbox (11.6414pt too wide) in paragraph at lines 401--401
[]|\T1/lmr/m/n/10 v20211968|  
 []


Overfull \hbox (11.6414pt too wide) in paragraph at lines 402--402
[]|\T1/lmr/m/n/10 v20211969|  
 []


Overfull \hbox (11.6414pt too wide) in paragraph at lines 403--403
[]|\T1/lmr/m/n/10 v20211970|  
 []


Overfull \hbox (11.6414pt too wide) in paragraph at lines 404--404
[]|\T1/lmr/m/n/10 v20211971|  
 []


Overfull \hbox (11.6414pt too wide) in paragraph at lines 405--405
[]|\T1/lmr/m/n/10 v20211972|  
 []


Overfull \hbox (11.6414pt too wide) in paragraph at lines 406--406
[]|\T1/lmr/m/n/10 v20211973|  
 []


Overfull \hbox (11.6414pt too wide) in paragraph at lines 407--407
[]|\T1/lmr/m/n/10 v20211974|  
 []


Overfull \hbox (11.6414pt too wide) in paragraph at lines 408--408
[]|\T1/lmr/m/n/10 v20211975|  
 []


Overfull \hbox (11.6414pt too wide) in paragraph at lines 409--409
[]|\T1/lmr/m/n/10 v20212835|  
 []


Overfull \hbox (11.6414pt too wide) in paragraph at lines 410--410
[]|\T1/lmr/m/n/10 v20212836|  
 []


Overfull \hbox (11.6414pt too wide) in paragraph at lines 411--411
[]|\T1/lmr/m/n/10 v20212852|  
 []


Overfull \hbox (11.6414pt too wide) in paragraph at lines 412--412
[]|\T1/lmr/m/n/10 v20212853|  
 []


Overfull \hbox (11.6414pt too wide) in paragraph at lines 413--413
[]|\T1/lmr/m/n/10 v20212854|  
 []


Overfull \hbox (11.6414pt too wide) in paragraph at lines 414--414
[]|\T1/lmr/m/n/10 v20212855|  
 []


Overfull \hbox (11.6414pt too wide) in paragraph at lines 415--415
[]|\T1/lmr/m/n/10 v20212856|  
 []


Overfull \hbox (11.6414pt too wide) in paragraph at lines 416--416
[]|\T1/lmr/m/n/10 v20212857|  
 []


Overfull \hbox (11.6414pt too wide) in paragraph at lines 417--417
[]|\T1/lmr/m/n/10 v20212858|  
 []


Overfull \hbox (11.6414pt too wide) in paragraph at lines 418--418
[]|\T1/lmr/m/n/10 v20212859|  
 []


Overfull \hbox (11.6414pt too wide) in paragraph at lines 419--419
[]|\T1/lmr/m/n/10 v20212860|  
 []


Overfull \hbox (11.6414pt too wide) in paragraph at lines 420--420
[]|\T1/lmr/m/n/10 v20212861|  
 []


Overfull \hbox (11.6414pt too wide) in paragraph at lines 421--421
[]|\T1/lmr/m/n/10 v20212862|  
 []


Overfull \hbox (11.6414pt too wide) in paragraph at lines 422--422
[]|\T1/lmr/m/n/10 v20212863|  
 []


Overfull \hbox (11.6414pt too wide) in paragraph at lines 423--423
[]|\T1/lmr/m/n/10 v20212864|  
 []


Overfull \hbox (11.6414pt too wide) in paragraph at lines 424--424
[]|\T1/lmr/m/n/10 v20212865|  
 []


Overfull \hbox (11.6414pt too wide) in paragraph at lines 425--425
[]|\T1/lmr/m/n/10 v20212866|  
 []


Overfull \hbox (11.6414pt too wide) in paragraph at lines 426--426
[]|\T1/lmr/m/n/10 v20212867|  
 []


Overfull \hbox (11.6414pt too wide) in paragraph at lines 427--427
[]|\T1/lmr/m/n/10 v20213111|  
 []


Overfull \hbox (11.6414pt too wide) in paragraph at lines 428--428
[]|\T1/lmr/m/n/10 v20213141|  
 []


Overfull \hbox (11.6414pt too wide) in paragraph at lines 429--429
[]|\T1/lmr/m/n/10 v20213222|  
 []


Overfull \hbox (11.6414pt too wide) in paragraph at lines 430--430
[]|\T1/lmr/m/n/10 v20213233|  
 []


Overfull \hbox (11.6414pt too wide) in paragraph at lines 431--431
[]|\T1/lmr/m/n/10 v20213275|  
 []

[12]
<220323_DWARF_sample_overview_and_EEM_files/figure-latex/First model attempt-1.pdf, id=195, 469.755pt x 325.215pt>
File: 220323_DWARF_sample_overview_and_EEM_files/figure-latex/First model attempt-1.pdf Graphic file (type pdf)
<use 220323_DWARF_sample_overview_and_EEM_files/figure-latex/First model attempt-1.pdf>
Package pdftex.def Info: 220323_DWARF_sample_overview_and_EEM_files/figure-latex/First model attempt-1.pdf  used on input line 456.
(pdftex.def)             Requested size: 444.7523pt x 307.90543pt.
<220323_DWARF_sample_overview_and_EEM_files/figure-latex/First model attempt-2.pdf, id=196, 469.755pt x 325.215pt>
File: 220323_DWARF_sample_overview_and_EEM_files/figure-latex/First model attempt-2.pdf Graphic file (type pdf)
<use 220323_DWARF_sample_overview_and_EEM_files/figure-latex/First model attempt-2.pdf>
Package pdftex.def Info: 220323_DWARF_sample_overview_and_EEM_files/figure-latex/First model attempt-2.pdf  used on input line 457.
(pdftex.def)             Requested size: 444.7523pt x 307.90543pt.
<220323_DWARF_sample_overview_and_EEM_files/figure-latex/First model attempt-3.pdf, id=197, 469.755pt x 325.215pt>
File: 220323_DWARF_sample_overview_and_EEM_files/figure-latex/First model attempt-3.pdf Graphic file (type pdf)
<use 220323_DWARF_sample_overview_and_EEM_files/figure-latex/First model attempt-3.pdf>
Package pdftex.def Info: 220323_DWARF_sample_overview_and_EEM_files/figure-latex/First model attempt-3.pdf  used on input line 458.
(pdftex.def)             Requested size: 444.7523pt x 307.90543pt.

Underfull \hbox (badness 10000) in paragraph at lines 454--459
[]
 []


Underfull \hbox (badness 10000) in paragraph at lines 454--459
[]
 []

[13] [14 <./220323_DWARF_sample_overview_and_EEM_files/figure-latex/First model attempt-1.pdf> <./220323_DWARF_sample_overview_and_EEM_files/figure-latex/First model attempt-2.pdf>]
<220323_DWARF_sample_overview_and_EEM_files/figure-latex/First model attempt-4.pdf, id=229, 469.755pt x 325.215pt>
File: 220323_DWARF_sample_overview_and_EEM_files/figure-latex/First model attempt-4.pdf Graphic file (type pdf)
<use 220323_DWARF_sample_overview_and_EEM_files/figure-latex/First model attempt-4.pdf>
Package pdftex.def Info: 220323_DWARF_sample_overview_and_EEM_files/figure-latex/First model attempt-4.pdf  used on input line 465.
(pdftex.def)             Requested size: 469.75386pt x 325.2142pt.
[15 <./220323_DWARF_sample_overview_and_EEM_files/figure-latex/First model attempt-3.pdf>]
<220323_DWARF_sample_overview_and_EEM_files/figure-latex/First model attempt-5.pdf, id=240, 469.755pt x 325.215pt>
File: 220323_DWARF_sample_overview_and_EEM_files/figure-latex/First model attempt-5.pdf Graphic file (type pdf)
<use 220323_DWARF_sample_overview_and_EEM_files/figure-latex/First model attempt-5.pdf>
Package pdftex.def Info: 220323_DWARF_sample_overview_and_EEM_files/figure-latex/First model attempt-5.pdf  used on input line 472.
(pdftex.def)             Requested size: 469.75386pt x 325.2142pt.
[16 <./220323_DWARF_sample_overview_and_EEM_files/figure-latex/First model attempt-4.pdf>]
<220323_DWARF_sample_overview_and_EEM_files/figure-latex/First model attempt-6.pdf, id=250, 469.755pt x 325.215pt>
File: 220323_DWARF_sample_overview_and_EEM_files/figure-latex/First model attempt-6.pdf Graphic file (type pdf)
<use 220323_DWARF_sample_overview_and_EEM_files/figure-latex/First model attempt-6.pdf>
Package pdftex.def Info: 220323_DWARF_sample_overview_and_EEM_files/figure-latex/First model attempt-6.pdf  used on input line 479.
(pdftex.def)             Requested size: 469.75386pt x 325.2142pt.
[17 <./220323_DWARF_sample_overview_and_EEM_files/figure-latex/First model attempt-5.pdf>]

! Package pdftex.def Error: File `220323_DWARF_sample_overview_and_EEM_files/figure-latex/First model checking: correlation between components-1.pdf' not found: using draft setting.

See the pdftex.def package documentation for explanation.
Type  H <return>  for immediate help.
 ...                                              
                                                  
l.481 ...ng: correlation between components-1.pdf}
                                                   
Here is how much of TeX's memory you used:
 11303 strings out of 480228
 184137 string characters out of 5893579
 572500 words of memory out of 5000000
 29030 multiletter control sequences out of 15000+600000
 506233 words of font info for 65 fonts, out of 8000000 for 9000
 14 hyphenation exceptions out of 8191
 60i,6n,63p,399b,468s stack positions out of 10000i,1000n,20000p,200000b,200000s

!  ==> Fatal error occurred, no output PDF file produced!
